 INFO     Setting up corpus information...                                                                                                                                                     
 INFO     Loading corpus from source files...                                                                                                                                                  
 INFO     Found 1475 speakers across 60358 files, average number of utterances per speaker: 40.92067796610169                                                                                  
 INFO     Initializing multiprocessing jobs...                                                                                                                                                 
 INFO     Normalizing text...                                                                                                                                                                  
 INFO     Generating MFCCs...                                                                                                                                                                  
 INFO     Calculating CMVN...                                                                                                                                                                  
 INFO     Generating final 
 INFO     Creating corpus 
 INFO     Corpus                                                                                                                                                                               
 INFO     60358 sound files                                                                                                                                                                    
 INFO     60358 text files                                                                                                                                                                     
 INFO     1475 speakers                                                                                                                                                                        
 INFO     60358 utterances                                                                                                                                                                     
 INFO     318761.157 seconds total duration                                                                                                                                                    
 INFO     Sound file read errors                                                                                                                                                               
 INFO     There were no issues reading sound files.                                                                                                                                            
 INFO     Feature generation                                                                                                                                                                   
 INFO     There were no utterances missing features.                                                                                                                                           
 INFO     Files without transcriptions                                                                                                                                                         
 INFO     There were no sound files missing transcriptions.                                                                                                                                    
 INFO     Transcriptions without sound files                                                                                                                                                   
 INFO     There were no transcription files missing sound files.                                                                                                                               
 INFO     Dictionary                                                                                                                                                                           
 INFO     Out of vocabulary words                                                                                                                                                              
 WARNING  37 OOV word types                                                                                                                                                                    
 WARNING  844449total OOV tokens                                                                                                                                                               
 WARNING  For a full list of the word types, please see: /home/berta/Documents/MFA/cv-corpus/oovs_found.txt. For a by-utterance breakdown of missing words, see:                               
          /home/berta/Documents/MFA/cv-corpus/utterance_oovs.txt                                                                                                                               
 INFO     Training                                                                                                                                                                             
 INFO     Creating subset directory with 2000 utterances...                                                                                                                                    
 100% ━━━━━━━━━━━━━━━━━━━━━━━━━━━━━━━━━━━━━━━━━━━━━━━━━━━━━━━━━━━━━━━━━━━━━━━━━━━━━━━━━━━━━━━━━━━━━━━━━━━━━━━━━━━━━━━━━━━━━━━━━━━━━━━━━━━━━━━━━━━━━ 2,000/2,000  [ 0:00:01 < 0:00:00 , ? it/s ]
 INFO     Initializing training for monophone...                                                                                                                                               
 INFO     Compiling training graphs...                                                                                                                                                         
 INFO     Generating initial alignments...                                                                                                                                                     
 100% ━━━━━━━━━━━━━━━━━━━━━━━━━━━━━━━━━━━━━━━━━━━━━━━━━━━━━━━━━━━━━━━━━━━━━━━━━━━━━━━━━━━━━━━━━━━━━━━━━━━━━━━━━━━━━━━━━━━━━━━━━━━━━━━━━━━━━━━━━ 2,003/2,000  [ 0:00:01 < 0:00:00 , 1,047 it/s ]
 INFO     Initialization complete!                                                                                                                                                             
 INFO     monophone - Iteration 1 of 40                                                                                                                                                        
 INFO     Generating alignments...                                                                                                                                                             
 100% ━━━━━━━━━━━━━━━━━━━━━━━━━━━━━━━━━━━━━━━━━━━━━━━━━━━━━━━━━━━━━━━━━━━━━━━━━━━━━━━━━━━━━━━━━━━━━━━━━━━━━━━━━━━━━━━━━━━━━━━━━━━━━━━━━━━━━━━━━━━ 2,000/2,000  [ 0:00:11 < 0:00:00 , 180 it/s ]
 INFO     Accumulating statistics...                                                                                                                                                           
  99% ━━━━━━━━━━━━━━━━━━━━━━━━━━━━━━━━━━━━━━━━━━━━━━━━━━━━━━━━━━━━━━━━━━━━━━━━━━━━━━━━━━━━━━━━━━━━━━━━━━━━━━━━━━━━━━━━━━━━━━━━━━━━━━━━━━━━━━━╸━ 1,981/2,000  [ 0:00:01 < 0:00:01 , 1,168 it/s ]
 INFO     monophone - Iteration 2 of 40                                                                                                                                                        
 INFO     Generating alignments...                                                                                                                                                             
 100% ━━━━━━━━━━━━━━━━━━━━━━━━━━━━━━━━━━━━━━━━━━━━━━━━━━━━━━━━━━━━━━━━━━━━━━━━━━━━━━━━━━━━━━━━━━━━━━━━━━━━━━━━━━━━━━━━━━━━━━━━━━━━━━━━━━━━━━━━━━━ 2,000/2,000  [ 0:00:04 < 0:00:00 , 410 it/s ]
 INFO     Accumulating statistics...                                                                                                                                                           
 100% ━━━━━━━━━━━━━━━━━━━━━━━━━━━━━━━━━━━━━━━━━━━━━━━━━━━━━━━━━━━━━━━━━━━━━━━━━━━━━━━━━━━━━━━━━━━━━━━━━━━━━━━━━━━━━━━━━━━━━━━━━━━━━━━━━━━━━━━━━ 2,003/2,000  [ 0:00:01 < 0:00:00 , 1,202 it/s ]
 INFO     monophone - Iteration 3 of 40                                                                                                                                                        
 INFO     Generating alignments...                                                                                                                                                             
 100% ━━━━━━━━━━━━━━━━━━━━━━━━━━━━━━━━━━━━━━━━━━━━━━━━━━━━━━━━━━━━━━━━━━━━━━━━━━━━━━━━━━━━━━━━━━━━━━━━━━━━━━━━━━━━━━━━━━━━━━━━━━━━━━━━━━━━━━━━━━━ 2,000/2,000  [ 0:00:04 < 0:00:00 , 496 it/s ]
 INFO     Accumulating statistics...                                                                                                                                                           
 100% ━━━━━━━━━━━━━━━━━━━━━━━━━━━━━━━━━━━━━━━━━━━━━━━━━━━━━━━━━━━━━━━━━━━━━━━━━━━━━━━━━━━━━━━━━━━━━━━━━━━━━━━━━━━━━━━━━━━━━━━━━━━━━━━━━━━━━━━━━ 2,003/2,000  [ 0:00:00 < 0:00:00 , 1,200 it/s ]
 INFO     monophone - Iteration 4 of 40                                                                                                                                                        
 INFO     Generating alignments...                                                                                                                                                             
 100% ━━━━━━━━━━━━━━━━━━━━━━━━━━━━━━━━━━━━━━━━━━━━━━━━━━━━━━━━━━━━━━━━━━━━━━━━━━━━━━━━━━━━━━━━━━━━━━━━━━━━━━━━━━━━━━━━━━━━━━━━━━━━━━━━━━━━━━━━━━━ 2,000/2,000  [ 0:00:03 < 0:00:00 , 528 it/s ]
 INFO     Accumulating statistics...                                                                                                                                                           
 100% ━━━━━━━━━━━━━━━━━━━━━━━━━━━━━━━━━━━━━━━━━━━━━━━━━━━━━━━━━━━━━━━━━━━━━━━━━━━━━━━━━━━━━━━━━━━━━━━━━━━━━━━━━━━━━━━━━━━━━━━━━━━━━━━━━━━━━━━━━ 2,003/2,000  [ 0:00:01 < 0:00:00 , 1,151 it/s ]
 INFO     monophone - Iteration 5 of 40                                                                                                                                                        
 INFO     Generating alignments...                                                                                                                                                             
 100% ━━━━━━━━━━━━━━━━━━━━━━━━━━━━━━━━━━━━━━━━━━━━━━━━━━━━━━━━━━━━━━━━━━━━━━━━━━━━━━━━━━━━━━━━━━━━━━━━━━━━━━━━━━━━━━━━━━━━━━━━━━━━━━━━━━━━━━━━━━━ 2,000/2,000  [ 0:00:03 < 0:00:00 , 557 it/s ]
 INFO     Accumulating statistics...                                                                                                                                                           
 100% ━━━━━━━━━━━━━━━━━━━━━━━━━━━━━━━━━━━━━━━━━━━━━━━━━━━━━━━━━━━━━━━━━━━━━━━━━━━━━━━━━━━━━━━━━━━━━━━━━━━━━━━━━━━━━━━━━━━━━━━━━━━━━━━━━━━━━━━━━ 2,003/2,000  [ 0:00:00 < 0:00:00 , 1,160 it/s ]
 INFO     monophone - Iteration 6 of 40                                                                                                                                                        
 INFO     Generating alignments...                                                                                                                                                             
 100% ━━━━━━━━━━━━━━━━━━━━━━━━━━━━━━━━━━━━━━━━━━━━━━━━━━━━━━━━━━━━━━━━━━━━━━━━━━━━━━━━━━━━━━━━━━━━━━━━━━━━━━━━━━━━━━━━━━━━━━━━━━━━━━━━━━━━━━━━━━━ 2,000/2,000  [ 0:00:03 < 0:00:00 , 554 it/s ]
 INFO     Accumulating statistics...                                                                                                                                                           
 100% ━━━━━━━━━━━━━━━━━━━━━━━━━━━━━━━━━━━━━━━━━━━━━━━━━━━━━━━━━━━━━━━━━━━━━━━━━━━━━━━━━━━━━━━━━━━━━━━━━━━━━━━━━━━━━━━━━━━━━━━━━━━━━━━━━━━━━━━━━ 2,003/2,000  [ 0:00:01 < 0:00:00 , 1,144 it/s ]
 INFO     monophone - Iteration 7 of 40                                                                                                                                                        
 INFO     Generating alignments...                                                                                                                                                             
 100% ━━━━━━━━━━━━━━━━━━━━━━━━━━━━━━━━━━━━━━━━━━━━━━━━━━━━━━━━━━━━━━━━━━━━━━━━━━━━━━━━━━━━━━━━━━━━━━━━━━━━━━━━━━━━━━━━━━━━━━━━━━━━━━━━━━━━━━━━━━━ 2,000/2,000  [ 0:00:03 < 0:00:00 , 589 it/s ]
 INFO     Accumulating statistics...                                                                                                                                                           
 100% ━━━━━━━━━━━━━━━━━━━━━━━━━━━━━━━━━━━━━━━━━━━━━━━━━━━━━━━━━━━━━━━━━━━━━━━━━━━━━━━━━━━━━━━━━━━━━━━━━━━━━━━━━━━━━━━━━━━━━━━━━━━━━━━━━━━━━━━━━ 2,003/2,000  [ 0:00:01 < 0:00:00 , 1,148 it/s ]
 INFO     monophone - Iteration 8 of 40                                                                                                                                                        
 INFO     Generating alignments...                                                                                                                                                             
 100% ━━━━━━━━━━━━━━━━━━━━━━━━━━━━━━━━━━━━━━━━━━━━━━━━━━━━━━━━━━━━━━━━━━━━━━━━━━━━━━━━━━━━━━━━━━━━━━━━━━━━━━━━━━━━━━━━━━━━━━━━━━━━━━━━━━━━━━━━━━━ 2,000/2,000  [ 0:00:03 < 0:00:00 , 605 it/s ]
 INFO     Accumulating statistics...                                                                                                                                                           
 100% ━━━━━━━━━━━━━━━━━━━━━━━━━━━━━━━━━━━━━━━━━━━━━━━━━━━━━━━━━━━━━━━━━━━━━━━━━━━━━━━━━━━━━━━━━━━━━━━━━━━━━━━━━━━━━━━━━━━━━━━━━━━━━━━━━━━━━━━━━ 2,003/2,000  [ 0:00:01 < 0:00:00 , 1,174 it/s ]
 INFO     monophone - Iteration 9 of 40                                                                                                                                                        
 INFO     Generating alignments...                                                                                                                                                             
 100% ━━━━━━━━━━━━━━━━━━━━━━━━━━━━━━━━━━━━━━━━━━━━━━━━━━━━━━━━━━━━━━━━━━━━━━━━━━━━━━━━━━━━━━━━━━━━━━━━━━━━━━━━━━━━━━━━━━━━━━━━━━━━━━━━━━━━━━━━━━━ 2,000/2,000  [ 0:00:03 < 0:00:00 , 614 it/s ]
 INFO     Accumulating statistics...                                                                                                                                                           
 100% ━━━━━━━━━━━━━━━━━━━━━━━━━━━━━━━━━━━━━━━━━━━━━━━━━━━━━━━━━━━━━━━━━━━━━━━━━━━━━━━━━━━━━━━━━━━━━━━━━━━━━━━━━━━━━━━━━━━━━━━━━━━━━━━━━━━━━━━━━ 2,003/2,000  [ 0:00:00 < 0:00:00 , 1,149 it/s ]
 INFO     monophone - Iteration 10 of 40                                                                                                                                                       
 INFO     Generating alignments...                                                                                                                                                             
 100% ━━━━━━━━━━━━━━━━━━━━━━━━━━━━━━━━━━━━━━━━━━━━━━━━━━━━━━━━━━━━━━━━━━━━━━━━━━━━━━━━━━━━━━━━━━━━━━━━━━━━━━━━━━━━━━━━━━━━━━━━━━━━━━━━━━━━━━━━━━━ 2,000/2,000  [ 0:00:03 < 0:00:00 , 629 it/s ]
 INFO     Accumulating statistics...                                                                                                                                                           
 100% ━━━━━━━━━━━━━━━━━━━━━━━━━━━━━━━━━━━━━━━━━━━━━━━━━━━━━━━━━━━━━━━━━━━━━━━━━━━━━━━━━━━━━━━━━━━━━━━━━━━━━━━━━━━━━━━━━━━━━━━━━━━━━━━━━━━━━━━━━ 2,003/2,000  [ 0:00:01 < 0:00:00 , 1,140 it/s ]
 INFO     monophone - Iteration 11 of 40                                                                                                                                                       
 INFO     Accumulating statistics...                                                                                                                                                           
 100% ━━━━━━━━━━━━━━━━━━━━━━━━━━━━━━━━━━━━━━━━━━━━━━━━━━━━━━━━━━━━━━━━━━━━━━━━━━━━━━━━━━━━━━━━━━━━━━━━━━━━━━━━━━━━━━━━━━━━━━━━━━━━━━━━━━━━━━━━━ 2,003/2,000  [ 0:00:01 < 0:00:00 , 1,171 it/s ]
 INFO     monophone - Iteration 12 of 40                                                                                                                                                       
 INFO     Generating alignments...                                                                                                                                                             
 100% ━━━━━━━━━━━━━━━━━━━━━━━━━━━━━━━━━━━━━━━━━━━━━━━━━━━━━━━━━━━━━━━━━━━━━━━━━━━━━━━━━━━━━━━━━━━━━━━━━━━━━━━━━━━━━━━━━━━━━━━━━━━━━━━━━━━━━━━━━━━ 2,000/2,000  [ 0:00:03 < 0:00:00 , 625 it/s ]
 INFO     Accumulating statistics...                                                                                                                                                           
 100% ━━━━━━━━━━━━━━━━━━━━━━━━━━━━━━━━━━━━━━━━━━━━━━━━━━━━━━━━━━━━━━━━━━━━━━━━━━━━━━━━━━━━━━━━━━━━━━━━━━━━━━━━━━━━━━━━━━━━━━━━━━━━━━━━━━━━━━━━━ 2,003/2,000  [ 0:00:00 < 0:00:00 , 1,146 it/s ]
 INFO     monophone - Iteration 13 of 40                                                                                                                                                       
 INFO     Accumulating statistics...                                                                                                                                                           
 100% ━━━━━━━━━━━━━━━━━━━━━━━━━━━━━━━━━━━━━━━━━━━━━━━━━━━━━━━━━━━━━━━━━━━━━━━━━━━━━━━━━━━━━━━━━━━━━━━━━━━━━━━━━━━━━━━━━━━━━━━━━━━━━━━━━━━━━━━━━ 2,003/2,000  [ 0:00:01 < 0:00:00 , 1,158 it/s ]
 INFO     monophone - Iteration 14 of 40                                                                                                                                                       
 INFO     Generating alignments...                                                                                                                                                             
 100% ━━━━━━━━━━━━━━━━━━━━━━━━━━━━━━━━━━━━━━━━━━━━━━━━━━━━━━━━━━━━━━━━━━━━━━━━━━━━━━━━━━━━━━━━━━━━━━━━━━━━━━━━━━━━━━━━━━━━━━━━━━━━━━━━━━━━━━━━━━━ 2,000/2,000  [ 0:00:03 < 0:00:00 , 630 it/s ]
 INFO     Accumulating statistics...                                                                                                                                                           
 100% ━━━━━━━━━━━━━━━━━━━━━━━━━━━━━━━━━━━━━━━━━━━━━━━━━━━━━━━━━━━━━━━━━━━━━━━━━━━━━━━━━━━━━━━━━━━━━━━━━━━━━━━━━━━━━━━━━━━━━━━━━━━━━━━━━━━━━━━━━ 2,003/2,000  [ 0:00:01 < 0:00:00 , 1,132 it/s ]
 INFO     monophone - Iteration 15 of 40                                                                                                                                                       
 INFO     Accumulating statistics...                                                                                                                                                           
 100% ━━━━━━━━━━━━━━━━━━━━━━━━━━━━━━━━━━━━━━━━━━━━━━━━━━━━━━━━━━━━━━━━━━━━━━━━━━━━━━━━━━━━━━━━━━━━━━━━━━━━━━━━━━━━━━━━━━━━━━━━━━━━━━━━━━━━━━━━━ 2,003/2,000  [ 0:00:01 < 0:00:00 , 1,162 it/s ]
 INFO     monophone - Iteration 16 of 40                                                                                                                                                       
 INFO     Generating alignments...                                                                                                                                                             
 100% ━━━━━━━━━━━━━━━━━━━━━━━━━━━━━━━━━━━━━━━━━━━━━━━━━━━━━━━━━━━━━━━━━━━━━━━━━━━━━━━━━━━━━━━━━━━━━━━━━━━━━━━━━━━━━━━━━━━━━━━━━━━━━━━━━━━━━━━━━━━ 2,000/2,000  [ 0:00:03 < 0:00:00 , 625 it/s ]
 INFO     Accumulating statistics...                                                                                                                                                           
 100% ━━━━━━━━━━━━━━━━━━━━━━━━━━━━━━━━━━━━━━━━━━━━━━━━━━━━━━━━━━━━━━━━━━━━━━━━━━━━━━━━━━━━━━━━━━━━━━━━━━━━━━━━━━━━━━━━━━━━━━━━━━━━━━━━━━━━━━━━━ 2,003/2,000  [ 0:00:01 < 0:00:00 , 1,158 it/s ]
 INFO     monophone - Iteration 17 of 40                                                                                                                                                       
 INFO     Accumulating statistics...                                                                                                                                                           
 100% ━━━━━━━━━━━━━━━━━━━━━━━━━━━━━━━━━━━━━━━━━━━━━━━━━━━━━━━━━━━━━━━━━━━━━━━━━━━━━━━━━━━━━━━━━━━━━━━━━━━━━━━━━━━━━━━━━━━━━━━━━━━━━━━━━━━━━━━━━ 2,003/2,000  [ 0:00:00 < 0:00:00 , 1,198 it/s ]
 INFO     monophone - Iteration 18 of 40                                                                                                                                                       
 INFO     Generating alignments...                                                                                                                                                             
 100% ━━━━━━━━━━━━━━━━━━━━━━━━━━━━━━━━━━━━━━━━━━━━━━━━━━━━━━━━━━━━━━━━━━━━━━━━━━━━━━━━━━━━━━━━━━━━━━━━━━━━━━━━━━━━━━━━━━━━━━━━━━━━━━━━━━━━━━━━━━━ 2,000/2,000  [ 0:00:03 < 0:00:00 , 633 it/s ]
 INFO     Accumulating statistics...                                                                                                                                                           
 100% ━━━━━━━━━━━━━━━━━━━━━━━━━━━━━━━━━━━━━━━━━━━━━━━━━━━━━━━━━━━━━━━━━━━━━━━━━━━━━━━━━━━━━━━━━━━━━━━━━━━━━━━━━━━━━━━━━━━━━━━━━━━━━━━━━━━━━━━━━ 2,003/2,000  [ 0:00:01 < 0:00:00 , 1,158 it/s ]
 INFO     monophone - Iteration 19 of 40                                                                                                                                                       
 INFO     Accumulating statistics...                                                                                                                                                           
 100% ━━━━━━━━━━━━━━━━━━━━━━━━━━━━━━━━━━━━━━━━━━━━━━━━━━━━━━━━━━━━━━━━━━━━━━━━━━━━━━━━━━━━━━━━━━━━━━━━━━━━━━━━━━━━━━━━━━━━━━━━━━━━━━━━━━━━━━━━━ 2,003/2,000  [ 0:00:01 < 0:00:00 , 1,135 it/s ]
 INFO     monophone - Iteration 20 of 40                                                                                                                                                       
 INFO     Generating alignments...                                                                                                                                                             
 100% ━━━━━━━━━━━━━━━━━━━━━━━━━━━━━━━━━━━━━━━━━━━━━━━━━━━━━━━━━━━━━━━━━━━━━━━━━━━━━━━━━━━━━━━━━━━━━━━━━━━━━━━━━━━━━━━━━━━━━━━━━━━━━━━━━━━━━━━━━━━ 2,000/2,000  [ 0:00:03 < 0:00:00 , 625 it/s ]
 INFO     Accumulating statistics...                                                                                                                                                           
 100% ━━━━━━━━━━━━━━━━━━━━━━━━━━━━━━━━━━━━━━━━━━━━━━━━━━━━━━━━━━━━━━━━━━━━━━━━━━━━━━━━━━━━━━━━━━━━━━━━━━━━━━━━━━━━━━━━━━━━━━━━━━━━━━━━━━━━━━━━━ 2,003/2,000  [ 0:00:01 < 0:00:00 , 1,115 it/s ]
 INFO     monophone - Iteration 21 of 40                                                                                                                                                       
 INFO     Accumulating statistics...                                                                                                                                                           
 100% ━━━━━━━━━━━━━━━━━━━━━━━━━━━━━━━━━━━━━━━━━━━━━━━━━━━━━━━━━━━━━━━━━━━━━━━━━━━━━━━━━━━━━━━━━━━━━━━━━━━━━━━━━━━━━━━━━━━━━━━━━━━━━━━━━━━━━━━━━ 2,003/2,000  [ 0:00:01 < 0:00:00 , 1,154 it/s ]
 INFO     monophone - Iteration 22 of 40                                                                                                                                                       
 INFO     Accumulating statistics...                                                                                                                                                           
 100% ━━━━━━━━━━━━━━━━━━━━━━━━━━━━━━━━━━━━━━━━━━━━━━━━━━━━━━━━━━━━━━━━━━━━━━━━━━━━━━━━━━━━━━━━━━━━━━━━━━━━━━━━━━━━━━━━━━━━━━━━━━━━━━━━━━━━━━━━━ 2,003/2,000  [ 0:00:01 < 0:00:00 , 1,112 it/s ]
 INFO     monophone - Iteration 23 of 40                                                                                                                                                       
 INFO     Generating alignments...                                                                                                                                                             
 100% ━━━━━━━━━━━━━━━━━━━━━━━━━━━━━━━━━━━━━━━━━━━━━━━━━━━━━━━━━━━━━━━━━━━━━━━━━━━━━━━━━━━━━━━━━━━━━━━━━━━━━━━━━━━━━━━━━━━━━━━━━━━━━━━━━━━━━━━━━━━ 2,000/2,000  [ 0:00:03 < 0:00:00 , 619 it/s ]
 INFO     Accumulating statistics...                                                                                                                                                           
 100% ━━━━━━━━━━━━━━━━━━━━━━━━━━━━━━━━━━━━━━━━━━━━━━━━━━━━━━━━━━━━━━━━━━━━━━━━━━━━━━━━━━━━━━━━━━━━━━━━━━━━━━━━━━━━━━━━━━━━━━━━━━━━━━━━━━━━━━━━━ 2,003/2,000  [ 0:00:00 < 0:00:00 , 1,114 it/s ]
 INFO     monophone - Iteration 24 of 40                                                                                                                                                       
 INFO     Accumulating statistics...                                                                                                                                                           
 100% ━━━━━━━━━━━━━━━━━━━━━━━━━━━━━━━━━━━━━━━━━━━━━━━━━━━━━━━━━━━━━━━━━━━━━━━━━━━━━━━━━━━━━━━━━━━━━━━━━━━━━━━━━━━━━━━━━━━━━━━━━━━━━━━━━━━━━━━━━ 2,003/2,000  [ 0:00:00 < 0:00:00 , 1,114 it/s ]
 INFO     monophone - Iteration 25 of 40                                                                                                                                                       
 INFO     Accumulating statistics...                                                                                                                                                           
 100% ━━━━━━━━━━━━━━━━━━━━━━━━━━━━━━━━━━━━━━━━━━━━━━━━━━━━━━━━━━━━━━━━━━━━━━━━━━━━━━━━━━━━━━━━━━━━━━━━━━━━━━━━━━━━━━━━━━━━━━━━━━━━━━━━━━━━━━━━━ 2,003/2,000  [ 0:00:01 < 0:00:00 , 1,187 it/s ]
 INFO     monophone - Iteration 26 of 40                                                                                                                                                       
 INFO     Generating alignments...                                                                                                                                                             
 100% ━━━━━━━━━━━━━━━━━━━━━━━━━━━━━━━━━━━━━━━━━━━━━━━━━━━━━━━━━━━━━━━━━━━━━━━━━━━━━━━━━━━━━━━━━━━━━━━━━━━━━━━━━━━━━━━━━━━━━━━━━━━━━━━━━━━━━━━━━━━ 2,000/2,000  [ 0:00:03 < 0:00:00 , 617 it/s ]
 INFO     Accumulating statistics...                                                                                                                                                           
 100% ━━━━━━━━━━━━━━━━━━━━━━━━━━━━━━━━━━━━━━━━━━━━━━━━━━━━━━━━━━━━━━━━━━━━━━━━━━━━━━━━━━━━━━━━━━━━━━━━━━━━━━━━━━━━━━━━━━━━━━━━━━━━━━━━━━━━━━━━━ 2,003/2,000  [ 0:00:01 < 0:00:00 , 1,142 it/s ]
 INFO     monophone - Iteration 27 of 40                                                                                                                                                       
 INFO     Accumulating statistics...                                                                                                                                                           
 100% ━━━━━━━━━━━━━━━━━━━━━━━━━━━━━━━━━━━━━━━━━━━━━━━━━━━━━━━━━━━━━━━━━━━━━━━━━━━━━━━━━━━━━━━━━━━━━━━━━━━━━━━━━━━━━━━━━━━━━━━━━━━━━━━━━━━━━━━━━ 2,003/2,000  [ 0:00:01 < 0:00:00 , 1,174 it/s ]
 INFO     monophone - Iteration 28 of 40                                                                                                                                                       
 INFO     Accumulating statistics...                                                                                                                                                           
 100% ━━━━━━━━━━━━━━━━━━━━━━━━━━━━━━━━━━━━━━━━━━━━━━━━━━━━━━━━━━━━━━━━━━━━━━━━━━━━━━━━━━━━━━━━━━━━━━━━━━━━━━━━━━━━━━━━━━━━━━━━━━━━━━━━━━━━━━━━━ 2,003/2,000  [ 0:00:01 < 0:00:00 , 1,136 it/s ]
 INFO     monophone - Iteration 29 of 40                                                                                                                                                       
 INFO     Generating alignments...                                                                                                                                                             
 100% ━━━━━━━━━━━━━━━━━━━━━━━━━━━━━━━━━━━━━━━━━━━━━━━━━━━━━━━━━━━━━━━━━━━━━━━━━━━━━━━━━━━━━━━━━━━━━━━━━━━━━━━━━━━━━━━━━━━━━━━━━━━━━━━━━━━━━━━━━━━ 2,000/2,000  [ 0:00:03 < 0:00:00 , 619 it/s ]
 INFO     Accumulating statistics...                                                                                                                                                           
 100% ━━━━━━━━━━━━━━━━━━━━━━━━━━━━━━━━━━━━━━━━━━━━━━━━━━━━━━━━━━━━━━━━━━━━━━━━━━━━━━━━━━━━━━━━━━━━━━━━━━━━━━━━━━━━━━━━━━━━━━━━━━━━━━━━━━━━━━━━━ 2,003/2,000  [ 0:00:01 < 0:00:00 , 1,234 it/s ]
 INFO     monophone - Iteration 30 of 40                                                                                                                                                       
 INFO     Accumulating statistics...                                                                                                                                                           
 100% ━━━━━━━━━━━━━━━━━━━━━━━━━━━━━━━━━━━━━━━━━━━━━━━━━━━━━━━━━━━━━━━━━━━━━━━━━━━━━━━━━━━━━━━━━━━━━━━━━━━━━━━━━━━━━━━━━━━━━━━━━━━━━━━━━━━━━━━━━ 2,003/2,000  [ 0:00:01 < 0:00:00 , 1,226 it/s ]
 INFO     monophone - Iteration 31 of 40                                                                                                                                                       
 INFO     Accumulating statistics...                                                                                                                                                           
 100% ━━━━━━━━━━━━━━━━━━━━━━━━━━━━━━━━━━━━━━━━━━━━━━━━━━━━━━━━━━━━━━━━━━━━━━━━━━━━━━━━━━━━━━━━━━━━━━━━━━━━━━━━━━━━━━━━━━━━━━━━━━━━━━━━━━━━━━━━━ 2,003/2,000  [ 0:00:01 < 0:00:00 , 1,226 it/s ]
 INFO     monophone - Iteration 32 of 40                                                                                                                                                       
 INFO     Generating alignments...                                                                                                                                                             
 100% ━━━━━━━━━━━━━━━━━━━━━━━━━━━━━━━━━━━━━━━━━━━━━━━━━━━━━━━━━━━━━━━━━━━━━━━━━━━━━━━━━━━━━━━━━━━━━━━━━━━━━━━━━━━━━━━━━━━━━━━━━━━━━━━━━━━━━━━━━━━ 2,000/2,000  [ 0:00:03 < 0:00:00 , 607 it/s ]
 INFO     Accumulating statistics...                                                                                                                                                           
 100% ━━━━━━━━━━━━━━━━━━━━━━━━━━━━━━━━━━━━━━━━━━━━━━━━━━━━━━━━━━━━━━━━━━━━━━━━━━━━━━━━━━━━━━━━━━━━━━━━━━━━━━━━━━━━━━━━━━━━━━━━━━━━━━━━━━━━━━━━━ 2,003/2,000  [ 0:00:00 < 0:00:00 , 1,226 it/s ]
 INFO     monophone - Iteration 33 of 40                                                                                                                                                       
 INFO     Accumulating statistics...                                                                                                                                                           
 100% ━━━━━━━━━━━━━━━━━━━━━━━━━━━━━━━━━━━━━━━━━━━━━━━━━━━━━━━━━━━━━━━━━━━━━━━━━━━━━━━━━━━━━━━━━━━━━━━━━━━━━━━━━━━━━━━━━━━━━━━━━━━━━━━━━━━━━━━━━ 2,003/2,000  [ 0:00:01 < 0:00:00 , 1,222 it/s ]
 INFO     monophone - Iteration 34 of 40                                                                                                                                                       
 INFO     Accumulating statistics...                                                                                                                                                           
 100% ━━━━━━━━━━━━━━━━━━━━━━━━━━━━━━━━━━━━━━━━━━━━━━━━━━━━━━━━━━━━━━━━━━━━━━━━━━━━━━━━━━━━━━━━━━━━━━━━━━━━━━━━━━━━━━━━━━━━━━━━━━━━━━━━━━━━━━━━━ 2,003/2,000  [ 0:00:01 < 0:00:00 , 1,160 it/s ]
 INFO     monophone - Iteration 35 of 40                                                                                                                                                       
 INFO     Generating alignments...                                                                                                                                                             
 100% ━━━━━━━━━━━━━━━━━━━━━━━━━━━━━━━━━━━━━━━━━━━━━━━━━━━━━━━━━━━━━━━━━━━━━━━━━━━━━━━━━━━━━━━━━━━━━━━━━━━━━━━━━━━━━━━━━━━━━━━━━━━━━━━━━━━━━━━━━━━ 2,000/2,000  [ 0:00:03 < 0:00:00 , 607 it/s ]
 INFO     Accumulating statistics...                                                                                                                                                           
 100% ━━━━━━━━━━━━━━━━━━━━━━━━━━━━━━━━━━━━━━━━━━━━━━━━━━━━━━━━━━━━━━━━━━━━━━━━━━━━━━━━━━━━━━━━━━━━━━━━━━━━━━━━━━━━━━━━━━━━━━━━━━━━━━━━━━━━━━━━━ 2,003/2,000  [ 0:00:00 < 0:00:00 , 1,224 it/s ]
 INFO     monophone - Iteration 36 of 40                                                                                                                                                       
 INFO     Accumulating statistics...                                                                                                                                                           
 100% ━━━━━━━━━━━━━━━━━━━━━━━━━━━━━━━━━━━━━━━━━━━━━━━━━━━━━━━━━━━━━━━━━━━━━━━━━━━━━━━━━━━━━━━━━━━━━━━━━━━━━━━━━━━━━━━━━━━━━━━━━━━━━━━━━━━━━━━━━ 2,003/2,000  [ 0:00:00 < 0:00:00 , 1,218 it/s ]
 INFO     monophone - Iteration 37 of 40                                                                                                                                                       
 INFO     Accumulating statistics...                                                                                                                                                           
 100% ━━━━━━━━━━━━━━━━━━━━━━━━━━━━━━━━━━━━━━━━━━━━━━━━━━━━━━━━━━━━━━━━━━━━━━━━━━━━━━━━━━━━━━━━━━━━━━━━━━━━━━━━━━━━━━━━━━━━━━━━━━━━━━━━━━━━━━━━━ 2,003/2,000  [ 0:00:01 < 0:00:00 , 1,222 it/s ]
 INFO     monophone - Iteration 38 of 40                                                                                                                                                       
 INFO     Generating alignments...                                                                                                                                                             
 100% ━━━━━━━━━━━━━━━━━━━━━━━━━━━━━━━━━━━━━━━━━━━━━━━━━━━━━━━━━━━━━━━━━━━━━━━━━━━━━━━━━━━━━━━━━━━━━━━━━━━━━━━━━━━━━━━━━━━━━━━━━━━━━━━━━━━━━━━━━━━ 2,000/2,000  [ 0:00:03 < 0:00:00 , 615 it/s ]
 INFO     Accumulating statistics...                                                                                                                                                           
 100% ━━━━━━━━━━━━━━━━━━━━━━━━━━━━━━━━━━━━━━━━━━━━━━━━━━━━━━━━━━━━━━━━━━━━━━━━━━━━━━━━━━━━━━━━━━━━━━━━━━━━━━━━━━━━━━━━━━━━━━━━━━━━━━━━━━━━━━━━━ 2,003/2,000  [ 0:00:01 < 0:00:00 , 1,223 it/s ]
 INFO     monophone - Iteration 39 of 40                                                                                                                                                       
 INFO     Accumulating statistics...                                                                                                                                                           
 100% ━━━━━━━━━━━━━━━━━━━━━━━━━━━━━━━━━━━━━━━━━━━━━━━━━━━━━━━━━━━━━━━━━━━━━━━━━━━━━━━━━━━━━━━━━━━━━━━━━━━━━━━━━━━━━━━━━━━━━━━━━━━━━━━━━━━━━━━━━ 2,003/2,000  [ 0:00:00 < 0:00:00 , 1,226 it/s ]
 INFO     monophone - Iteration 40 of 40                                                                                                                                                       
 INFO     Accumulating statistics...                                                                                                                                                           
 100% ━━━━━━━━━━━━━━━━━━━━━━━━━━━━━━━━━━━━━━━━━━━━━━━━━━━━━━━━━━━━━━━━━━━━━━━━━━━━━━━━━━━━━━━━━━━━━━━━━━━━━━━━━━━━━━━━━━━━━━━━━━━━━━━━━━━━━━━━━ 2,003/2,000  [ 0:00:00 < 0:00:00 , 1,159 it/s ]
 INFO     Training complete!                                                                                                                                                                   
 INFO     Compiling training graphs...                                                                                                                                                         
 INFO     Generating alignments...                                                                                                                                                             
   3% ━━━━╸━━━━━━━━━━━━━━━━━━━━━━━━━━━━━━━━━━━━━━━━━━━━━━━━━━━━━━━━━━━━━━━━━━━━━━━━━━━━━━━━━━━━━━━━━━━━━━━━━━━━━━━━━━━━━━━━━━━━━━━━━━━━━━━━━━━━━ 2,000/60,358  [ 0:00:03 < 0:01:51 , 527 it/s ]
 INFO     Accumulating transition stats...                                                                                                                                                     
   3% ━━━━╸━━━━━━━━━━━━━━━━━━━━━━━━━━━━━━━━━━━━━━━━━━━━━━━━━━━━━━━━━━━━━━━━━━━━━━━━━━━━━━━━━━━━━━━━━━━━━━━━━━━━━━━━━━━━━━━━━━━━━━━━━━━━━━━━━━━━━ 2,003/60,358  [ 0:00:02 < 0:01:21 , 724 it/s ]
 INFO     Finished accumulating transition stats!                                                                                                                                              
 INFO     Collecting phone and word alignments from monophone_ali lattices...                                                                                                                  
   3% ━━━━╸━━━━━━━━━━━━━━━━━━━━━━━━━━━━━━━━━━━━━━━━━━━━━━━━━━━━━━━━━━━━━━━━━━━━━━━━━━━━━━━━━━━━━━━━━━━━━━━━━━━━━━━━━━━━━━━━━━━━━━━━━━━━━━━━━━━━━ 2,000/60,358  [ 0:00:04 < 0:02:16 , 430 it/s ]
 WARNING  Alignment analysis not available without using postgresql                                                                                                                            
 INFO     Beginning phone LM training...                                                                                                                                                       
 INFO     Collecting training data...                                                                                                                                                          
   0% ━━━━━━━━━━━━━━━━━━━━━━━━━━━━━━━━━━━━━━━━━━━━━━━━━━━━━━━━━━━━━━━━━━━━━━━━━━━━━━━━━━━━━━━━━━━━━━━━━━━━━━━━━━━━━━━━━━━━━━━━━━━━━━━━━━━━━━━━━━━━━━━━ 1/60,358  [ 0:00:01 < -:--:-- , ? it/s ]
 INFO     Training model...                                                                                                                                                                    
 INFO     Completed training in 168.6696310043335 seconds!                                                                                                                                     
 INFO     Done! Everything took 459.210 seconds       
